<?xml version="1.0" encoding="UTF-8"?>
<!-- Generated by org.testng.reporters.JUnitXMLReporter -->
<testsuite hostname="LAPTOP-M7NDOE15" name="Command line test" tests="3" failures="0" timestamp="9 Apr 2022 16:21:12 GMT" time="91.909" errors="0">
  <testcase name="userRegistrationTest" time="30.178" classname="paraBankTest.RegistrationTest"/>
  <testcase name="userRegistrationTest" time="30.141" classname="paraBankTest.RegistrationTest"/>
  <testcase name="userRegistrationTest" time="30.163" classname="paraBankTest.RegistrationTest"/>
</testsuite> <!-- Command line test -->
