<?xml version="1.0" encoding="UTF-8"?>
<!-- Generated by org.testng.reporters.JUnitXMLReporter -->
<testsuite hostname="LAPTOP-M7NDOE15" name="Registration page test" tests="3" failures="0" timestamp="15 Apr 2022 07:21:14 GMT" time="12.976" errors="0">
  <testcase name="userRegistrationTest" time="4.803" classname="paraBankTest.RegistrationTest"/>
  <testcase name="userRegistrationTest" time="3.186" classname="paraBankTest.RegistrationTest"/>
  <testcase name="userRegistrationTest" time="3.301" classname="paraBankTest.RegistrationTest"/>
</testsuite> <!-- Registration page test -->
