<?xml version="1.0" encoding="UTF-8"?>
<testng-results skipped="0" failed="0" total="3" passed="3">
  <reporter-output>
  </reporter-output>
  <suite name="Command line suite" duration-ms="91909" started-at="2022-04-09T16:19:40Z" finished-at="2022-04-09T16:21:12Z">
    <groups>
    </groups>
    <test name="Command line test" duration-ms="91909" started-at="2022-04-09T16:19:40Z" finished-at="2022-04-09T16:21:12Z">
      <class name="paraBankTest.RegistrationTest">
        <test-method status="PASS" signature="beforeClass()[pri:0, instance:paraBankTest.RegistrationTest@5d0a1059]" name="beforeClass" is-config="true" duration-ms="20" started-at="2022-04-09T21:49:40Z" finished-at="2022-04-09T21:49:40Z">
          <reporter-output>
          </reporter-output>
        </test-method> <!-- beforeClass -->
        <test-method status="PASS" signature="userRegistrationTest(com.basic.data.RegistrationData)[pri:0, instance:paraBankTest.RegistrationTest@5d0a1059]" name="userRegistrationTest" duration-ms="30178" started-at="2022-04-09T21:49:41Z" data-provider="getRegTestData" finished-at="2022-04-09T21:50:12Z">
          <params>
            <param index="0">
              <value>
                <![CDATA[RegistrationData(UserName=ericabing, Address=1st block, FirstName=Erica, State=Zeeland, Phone=s897854568, Zipcode=s49464, LastName=Bing, City=Amsterdam, SSN=s799005143, Password=Testing123@)]]>
              </value>
            </param>
          </params>
          <reporter-output>
          </reporter-output>
        </test-method> <!-- userRegistrationTest -->
        <test-method status="PASS" signature="takeScreenShotOnFailure(org.testng.ITestResult)[pri:0, instance:paraBankTest.RegistrationTest@5d0a1059]" name="takeScreenShotOnFailure" is-config="true" duration-ms="16" started-at="2022-04-09T21:50:12Z" finished-at="2022-04-09T21:50:12Z">
          <params>
            <param index="0">
              <value>
                <![CDATA[[TestResult name=userRegistrationTest status=SUCCESS method=RegistrationTest.userRegistrationTest(com.basic.data.RegistrationData)[pri:0, instance:paraBankTest.RegistrationTest@5d0a1059] output={null}]]]>
              </value>
            </param>
          </params>
          <reporter-output>
          </reporter-output>
        </test-method> <!-- takeScreenShotOnFailure -->
        <test-method status="PASS" signature="userRegistrationTest(com.basic.data.RegistrationData)[pri:0, instance:paraBankTest.RegistrationTest@5d0a1059]" name="userRegistrationTest" duration-ms="30141" started-at="2022-04-09T21:50:12Z" data-provider="getRegTestData" finished-at="2022-04-09T21:50:42Z">
          <params>
            <param index="0">
              <value>
                <![CDATA[RegistrationData(UserName=emmaross, Address=14th Street, FirstName=Emma, State=Vermont, Phone=s56656565568, Zipcode=s98989, LastName=Ross, City=Newyork, SSN=d878795454, Password=Emma@123)]]>
              </value>
            </param>
          </params>
          <reporter-output>
          </reporter-output>
        </test-method> <!-- userRegistrationTest -->
        <test-method status="PASS" signature="takeScreenShotOnFailure(org.testng.ITestResult)[pri:0, instance:paraBankTest.RegistrationTest@5d0a1059]" name="takeScreenShotOnFailure" is-config="true" duration-ms="0" started-at="2022-04-09T21:50:42Z" finished-at="2022-04-09T21:50:42Z">
          <params>
            <param index="0">
              <value>
                <![CDATA[[TestResult name=userRegistrationTest status=SUCCESS method=RegistrationTest.userRegistrationTest(com.basic.data.RegistrationData)[pri:0, instance:paraBankTest.RegistrationTest@5d0a1059] output={null}]]]>
              </value>
            </param>
          </params>
          <reporter-output>
          </reporter-output>
        </test-method> <!-- takeScreenShotOnFailure -->
        <test-method status="PASS" signature="userRegistrationTest(com.basic.data.RegistrationData)[pri:0, instance:paraBankTest.RegistrationTest@5d0a1059]" name="userRegistrationTest" duration-ms="30163" started-at="2022-04-09T21:50:42Z" data-provider="getRegTestData" finished-at="2022-04-09T21:51:12Z">
          <params>
            <param index="0">
              <value>
                <![CDATA[RegistrationData(UserName=benjhon, Address=12th Street, FirstName=Ben, State=Berlin, Phone=s8787878784, Zipcode=s987889, LastName=Jhon, City=Berlin, SSN=s454546, Password=Ben$897)]]>
              </value>
            </param>
          </params>
          <reporter-output>
          </reporter-output>
        </test-method> <!-- userRegistrationTest -->
        <test-method status="PASS" signature="takeScreenShotOnFailure(org.testng.ITestResult)[pri:0, instance:paraBankTest.RegistrationTest@5d0a1059]" name="takeScreenShotOnFailure" is-config="true" duration-ms="0" started-at="2022-04-09T21:51:12Z" finished-at="2022-04-09T21:51:12Z">
          <params>
            <param index="0">
              <value>
                <![CDATA[[TestResult name=userRegistrationTest status=SUCCESS method=RegistrationTest.userRegistrationTest(com.basic.data.RegistrationData)[pri:0, instance:paraBankTest.RegistrationTest@5d0a1059] output={null}]]]>
              </value>
            </param>
          </params>
          <reporter-output>
          </reporter-output>
        </test-method> <!-- takeScreenShotOnFailure -->
      </class> <!-- paraBankTest.RegistrationTest -->
      <class name="testEnvironments.BaseUITest">
        <test-method status="PASS" signature="frameworkSetup()[pri:0, instance:testEnvironments.BaseUITest@6fd83fc1]" name="frameworkSetup" is-config="true" duration-ms="5290" started-at="2022-04-09T21:49:35Z" finished-at="2022-04-09T21:49:40Z">
          <reporter-output>
          </reporter-output>
        </test-method> <!-- frameworkSetup -->
        <test-method status="PASS" signature="terminateDriver()[pri:0, instance:testEnvironments.BaseUITest@6fd83fc1]" name="terminateDriver" is-config="true" duration-ms="4122" started-at="2022-04-09T21:51:12Z" finished-at="2022-04-09T21:51:16Z">
          <reporter-output>
          </reporter-output>
        </test-method> <!-- terminateDriver -->
      </class> <!-- testEnvironments.BaseUITest -->
    </test> <!-- Command line test -->
  </suite> <!-- Command line suite -->
</testng-results>
