<?xml version="1.0" encoding="UTF-8"?>
<testsuite xmlns:xsi="http://www.w3.org/2001/XMLSchema-instance" xsi:schemaLocation="https://maven.apache.org/surefire/maven-surefire-plugin/xsd/surefire-test-report.xsd" name="TestSuite" time="19.335" tests="3" errors="0" skipped="0" failures="0">
  <properties>
[...]
</properties>
  <testcase name="userRegistrationTest" classname="paraBankTest.RegistrationTest" time="3.358"/>
  <testcase name="userRegistrationTest" classname="paraBankTest.RegistrationTest" time="2.083"/>
  <testcase name="userRegistrationTest" classname="paraBankTest.RegistrationTest" time="2.083"/>
</testsuite>