<?xml version="1.0" encoding="UTF-8"?>
<testng-results skipped="0" failed="0" total="3" passed="3">
  <reporter-output>
  </reporter-output>
  <suite name="Parabank test suite" duration-ms="8961" started-at="2022-04-16T05:11:32Z" finished-at="2022-04-16T05:11:41Z">
    <groups>
    </groups>
    <test name="Registration page test" duration-ms="8961" started-at="2022-04-16T05:11:32Z" finished-at="2022-04-16T05:11:41Z">
      <class name="paraBankTest.RegistrationTest">
        <test-method status="PASS" signature="frameworkSetup()[pri:0, instance:paraBankTest.RegistrationTest@76b5a559]" name="frameworkSetup" is-config="true" duration-ms="5894" started-at="2022-04-16T10:41:27Z" finished-at="2022-04-16T10:41:32Z">
          <reporter-output>
          </reporter-output>
        </test-method> <!-- frameworkSetup -->
        <test-method status="PASS" signature="beforeClass()[pri:0, instance:paraBankTest.RegistrationTest@76b5a559]" name="beforeClass" is-config="true" duration-ms="17" started-at="2022-04-16T10:41:32Z" finished-at="2022-04-16T10:41:32Z">
          <reporter-output>
          </reporter-output>
        </test-method> <!-- beforeClass -->
        <test-method status="PASS" signature="userRegistrationTest(com.basic.data.RegistrationData)[pri:0, instance:paraBankTest.RegistrationTest@76b5a559]" name="userRegistrationTest" duration-ms="3045" started-at="2022-04-16T10:41:33Z" data-provider="getRegTestData" finished-at="2022-04-16T10:41:36Z">
          <params>
            <param index="0">
              <value>
                <![CDATA[RegistrationData(UserName=ericabing, Address=1st block, FirstName=Erica, State=Zeeland, Phone=s897854568, Zipcode=s49464, LastName=Bing, City=Amsterdam, SSN=s799005143, Password=Testing123@)]]>
              </value>
            </param>
          </params>
          <reporter-output>
          </reporter-output>
        </test-method> <!-- userRegistrationTest -->
        <test-method status="PASS" signature="takeScreenShotOnFailure(org.testng.ITestResult)[pri:0, instance:paraBankTest.RegistrationTest@76b5a559]" name="takeScreenShotOnFailure" is-config="true" duration-ms="267" started-at="2022-04-16T10:41:36Z" finished-at="2022-04-16T10:41:36Z">
          <params>
            <param index="0">
              <value>
                <![CDATA[[TestResult name=userRegistrationTest status=SUCCESS method=RegistrationTest.userRegistrationTest(com.basic.data.RegistrationData)[pri:0, instance:paraBankTest.RegistrationTest@76b5a559] output={null}]]]>
              </value>
            </param>
          </params>
          <reporter-output>
          </reporter-output>
        </test-method> <!-- takeScreenShotOnFailure -->
        <test-method status="PASS" signature="userRegistrationTest(com.basic.data.RegistrationData)[pri:0, instance:paraBankTest.RegistrationTest@76b5a559]" name="userRegistrationTest" duration-ms="2481" started-at="2022-04-16T10:41:36Z" data-provider="getRegTestData" finished-at="2022-04-16T10:41:39Z">
          <params>
            <param index="0">
              <value>
                <![CDATA[RegistrationData(UserName=emmaross, Address=14th Street, FirstName=Emma, State=Vermont, Phone=s56656565568, Zipcode=s98989, LastName=Ross, City=Newyork, SSN=d878795454, Password=Emma@123)]]>
              </value>
            </param>
          </params>
          <reporter-output>
          </reporter-output>
        </test-method> <!-- userRegistrationTest -->
        <test-method status="PASS" signature="takeScreenShotOnFailure(org.testng.ITestResult)[pri:0, instance:paraBankTest.RegistrationTest@76b5a559]" name="takeScreenShotOnFailure" is-config="true" duration-ms="1" started-at="2022-04-16T10:41:39Z" finished-at="2022-04-16T10:41:39Z">
          <params>
            <param index="0">
              <value>
                <![CDATA[[TestResult name=userRegistrationTest status=SUCCESS method=RegistrationTest.userRegistrationTest(com.basic.data.RegistrationData)[pri:0, instance:paraBankTest.RegistrationTest@76b5a559] output={null}]]]>
              </value>
            </param>
          </params>
          <reporter-output>
          </reporter-output>
        </test-method> <!-- takeScreenShotOnFailure -->
        <test-method status="PASS" signature="userRegistrationTest(com.basic.data.RegistrationData)[pri:0, instance:paraBankTest.RegistrationTest@76b5a559]" name="userRegistrationTest" duration-ms="2446" started-at="2022-04-16T10:41:39Z" data-provider="getRegTestData" finished-at="2022-04-16T10:41:41Z">
          <params>
            <param index="0">
              <value>
                <![CDATA[RegistrationData(UserName=benjhon, Address=12th Street, FirstName=Ben, State=Berlin, Phone=s8787878784, Zipcode=s987889, LastName=Jhon, City=Berlin, SSN=s454546, Password=Ben$897)]]>
              </value>
            </param>
          </params>
          <reporter-output>
          </reporter-output>
        </test-method> <!-- userRegistrationTest -->
        <test-method status="PASS" signature="takeScreenShotOnFailure(org.testng.ITestResult)[pri:0, instance:paraBankTest.RegistrationTest@76b5a559]" name="takeScreenShotOnFailure" is-config="true" duration-ms="3" started-at="2022-04-16T10:41:41Z" finished-at="2022-04-16T10:41:41Z">
          <params>
            <param index="0">
              <value>
                <![CDATA[[TestResult name=userRegistrationTest status=SUCCESS method=RegistrationTest.userRegistrationTest(com.basic.data.RegistrationData)[pri:0, instance:paraBankTest.RegistrationTest@76b5a559] output={null}]]]>
              </value>
            </param>
          </params>
          <reporter-output>
          </reporter-output>
        </test-method> <!-- takeScreenShotOnFailure -->
        <test-method status="PASS" signature="terminateDriver()[pri:0, instance:paraBankTest.RegistrationTest@76b5a559]" name="terminateDriver" is-config="true" duration-ms="74" started-at="2022-04-16T10:41:41Z" finished-at="2022-04-16T10:41:41Z">
          <reporter-output>
          </reporter-output>
        </test-method> <!-- terminateDriver -->
      </class> <!-- paraBankTest.RegistrationTest -->
    </test> <!-- Registration page test -->
  </suite> <!-- Parabank test suite -->
</testng-results>
