<?xml version="1.0" encoding="UTF-8"?>
<!-- Generated by org.testng.reporters.JUnitXMLReporter -->
<testsuite hostname="LAPTOP-M7NDOE15" name="Registration page test" tests="3" failures="0" timestamp="16 Apr 2022 05:11:41 GMT" time="8.961" errors="0">
  <testcase name="userRegistrationTest" time="3.045" classname="paraBankTest.RegistrationTest"/>
  <testcase name="userRegistrationTest" time="2.481" classname="paraBankTest.RegistrationTest"/>
  <testcase name="userRegistrationTest" time="2.446" classname="paraBankTest.RegistrationTest"/>
</testsuite> <!-- Registration page test -->
