<?xml version="1.0" encoding="UTF-8"?>
<!-- Generated by org.testng.reporters.JUnitXMLReporter -->
<testsuite hostname="LAPTOP-M7NDOE15" name="Registration page test" tests="3" failures="0" timestamp="16 Apr 2022 07:37:40 GMT" time="12.85" errors="0">
  <testcase name="userRegistrationTest" time="4.642" classname="paraBankTest.RegistrationTest"/>
  <testcase name="userRegistrationTest" time="3.192" classname="paraBankTest.RegistrationTest"/>
  <testcase name="userRegistrationTest" time="3.16" classname="paraBankTest.RegistrationTest"/>
</testsuite> <!-- Registration page test -->
