<?xml version="1.0" encoding="UTF-8"?>
<testng-results skipped="3" failed="0" total="3" passed="0">
  <reporter-output>
  </reporter-output>
  <suite name="Parabank Suite" duration-ms="879" started-at="2022-04-03T10:10:04Z" finished-at="2022-04-03T10:10:05Z">
    <groups>
    </groups>
    <test name="registration page test" duration-ms="879" started-at="2022-04-03T10:10:04Z" finished-at="2022-04-03T10:10:05Z">
      <class name="paraBankTest.RegistrationTest">
        <test-method status="FAIL" signature="frameworkSetup()[pri:0, instance:paraBankTest.RegistrationTest@6fe7aac8]" name="frameworkSetup" is-config="true" duration-ms="0" started-at="2022-04-03T15:39:59Z" finished-at="2022-04-03T15:39:59Z">
          <exception class="org.openqa.selenium.WebDriverException">
            <message>
              <![CDATA[unknown error: cannot determine loading status
from disconnected: received Inspector.detached event
  (Session info: chrome=100.0.4896.60)
Build info: version: '4.1.2', revision: '9a5a329c5a'
System info: host: 'LAPTOP-M7NDOE15', ip: '192.168.1.4', os.name: 'Windows 10', os.arch: 'amd64', os.version: '10.0', java.version: '1.8.0_231'
Driver info: org.openqa.selenium.chrome.ChromeDriver
Command: [5565e08f4621f5847155ee4309596ffe, get {url=https://parabank.parasoft.com/}]
Capabilities {acceptInsecureCerts: false, browserName: chrome, browserVersion: 100.0.4896.60, chrome: {chromedriverVersion: 100.0.4896.60 (6a5d10861ce8..., userDataDir: C:\Users\hari7\AppData\Loca...}, goog:chromeOptions: {debuggerAddress: localhost:49748}, javascriptEnabled: true, networkConnectionEnabled: false, pageLoadStrategy: normal, platform: WINDOWS, platformName: WINDOWS, proxy: Proxy(), se:cdp: ws://localhost:49748/devtoo..., se:cdpVersion: 100.0.4896.60, setWindowRect: true, strictFileInteractability: false, timeouts: {implicit: 0, pageLoad: 300000, script: 30000}, unhandledPromptBehavior: dismiss and notify, webauthn:extension:credBlob: true, webauthn:extension:largeBlob: true, webauthn:virtualAuthenticators: true}
Session ID: 5565e08f4621f5847155ee4309596ffe]]>
            </message>
            <full-stacktrace>
              <![CDATA[org.openqa.selenium.WebDriverException: unknown error: cannot determine loading status
from disconnected: received Inspector.detached event
  (Session info: chrome=100.0.4896.60)
Build info: version: '4.1.2', revision: '9a5a329c5a'
System info: host: 'LAPTOP-M7NDOE15', ip: '192.168.1.4', os.name: 'Windows 10', os.arch: 'amd64', os.version: '10.0', java.version: '1.8.0_231'
Driver info: org.openqa.selenium.chrome.ChromeDriver
Command: [5565e08f4621f5847155ee4309596ffe, get {url=https://parabank.parasoft.com/}]
Capabilities {acceptInsecureCerts: false, browserName: chrome, browserVersion: 100.0.4896.60, chrome: {chromedriverVersion: 100.0.4896.60 (6a5d10861ce8..., userDataDir: C:\Users\hari7\AppData\Loca...}, goog:chromeOptions: {debuggerAddress: localhost:49748}, javascriptEnabled: true, networkConnectionEnabled: false, pageLoadStrategy: normal, platform: WINDOWS, platformName: WINDOWS, proxy: Proxy(), se:cdp: ws://localhost:49748/devtoo..., se:cdpVersion: 100.0.4896.60, setWindowRect: true, strictFileInteractability: false, timeouts: {implicit: 0, pageLoad: 300000, script: 30000}, unhandledPromptBehavior: dismiss and notify, webauthn:extension:credBlob: true, webauthn:extension:largeBlob: true, webauthn:virtualAuthenticators: true}
Session ID: 5565e08f4621f5847155ee4309596ffe
	at sun.reflect.NativeConstructorAccessorImpl.newInstance0(Native Method)
	at sun.reflect.NativeConstructorAccessorImpl.newInstance(NativeConstructorAccessorImpl.java:62)
	at sun.reflect.DelegatingConstructorAccessorImpl.newInstance(DelegatingConstructorAccessorImpl.java:45)
	at java.lang.reflect.Constructor.newInstance(Constructor.java:423)
	at org.openqa.selenium.remote.codec.w3c.W3CHttpResponseCodec.createException(W3CHttpResponseCodec.java:200)
	at org.openqa.selenium.remote.codec.w3c.W3CHttpResponseCodec.decode(W3CHttpResponseCodec.java:133)
	at org.openqa.selenium.remote.codec.w3c.W3CHttpResponseCodec.decode(W3CHttpResponseCodec.java:53)
	at org.openqa.selenium.remote.HttpCommandExecutor.execute(HttpCommandExecutor.java:184)
	at org.openqa.selenium.remote.service.DriverCommandExecutor.invokeExecute(DriverCommandExecutor.java:167)
	at org.openqa.selenium.remote.service.DriverCommandExecutor.execute(DriverCommandExecutor.java:142)
	at org.openqa.selenium.remote.RemoteWebDriver.execute(RemoteWebDriver.java:558)
	at org.openqa.selenium.remote.RemoteWebDriver.get(RemoteWebDriver.java:327)
	at org.openqa.selenium.remote.RemoteWebDriver$RemoteNavigation.to(RemoteWebDriver.java:1013)
	at com.basic.driver.DriverFactory.initChromeDriver(DriverFactory.java:39)
	at com.basic.driver.DriverFactory.setDriver(DriverFactory.java:21)
	at testEnvironments.BaseUITest.frameworkSetup(BaseUITest.java:23)
	at sun.reflect.NativeMethodAccessorImpl.invoke0(Native Method)
	at sun.reflect.NativeMethodAccessorImpl.invoke(NativeMethodAccessorImpl.java:62)
	at sun.reflect.DelegatingMethodAccessorImpl.invoke(DelegatingMethodAccessorImpl.java:43)
	at java.lang.reflect.Method.invoke(Method.java:498)
	at org.testng.internal.MethodInvocationHelper.invokeMethod(MethodInvocationHelper.java:80)
	at org.testng.internal.Invoker.invokeConfigurationMethod(Invoker.java:564)
	at org.testng.internal.Invoker.invokeConfigurations(Invoker.java:213)
	at org.testng.internal.Invoker.invokeConfigurations(Invoker.java:138)
	at org.testng.SuiteRunner.privateRun(SuiteRunner.java:277)
	at org.testng.SuiteRunner.run(SuiteRunner.java:240)
	at org.testng.SuiteRunnerWorker.runSuite(SuiteRunnerWorker.java:52)
	at org.testng.SuiteRunnerWorker.run(SuiteRunnerWorker.java:86)
	at org.testng.TestNG.runSuitesSequentially(TestNG.java:1198)
	at org.testng.TestNG.runSuitesLocally(TestNG.java:1123)
	at org.testng.TestNG.run(TestNG.java:1031)
	at com.intellij.rt.testng.IDEARemoteTestNG.run(IDEARemoteTestNG.java:66)
	at com.intellij.rt.testng.RemoteTestNGStarter.main(RemoteTestNGStarter.java:109)
]]>
            </full-stacktrace>
          </exception> <!-- org.openqa.selenium.WebDriverException -->
          <reporter-output>
          </reporter-output>
        </test-method> <!-- frameworkSetup -->
        <test-method status="SKIP" signature="beforeClass()[pri:0, instance:paraBankTest.RegistrationTest@6fe7aac8]" name="beforeClass" is-config="true" duration-ms="0" started-at="2022-04-03T15:40:04Z" finished-at="2022-04-03T15:40:04Z">
          <reporter-output>
          </reporter-output>
        </test-method> <!-- beforeClass -->
        <test-method status="SKIP" signature="userRegistrationTest(com.basic.data.RegistrationData)[pri:0, instance:paraBankTest.RegistrationTest@6fe7aac8]" name="userRegistrationTest" duration-ms="1" started-at="2022-04-03T15:40:05Z" data-provider="getRegTestData" finished-at="2022-04-03T15:40:05Z">
          <params>
            <param index="0">
              <value>
                <![CDATA[RegistrationData(UserName=ericabing, Address=1st block, FirstName=Erica, State=Zeeland, Phone=s897854568, Zipcode=s49464, LastName=Bing, City=Amsterdam, SSN=s799005143, Password=Testing123@)]]>
              </value>
            </param>
          </params>
          <reporter-output>
          </reporter-output>
        </test-method> <!-- userRegistrationTest -->
        <test-method status="SKIP" signature="userRegistrationTest(com.basic.data.RegistrationData)[pri:0, instance:paraBankTest.RegistrationTest@6fe7aac8]" name="userRegistrationTest" duration-ms="0" started-at="2022-04-03T15:40:05Z" data-provider="getRegTestData" finished-at="2022-04-03T15:40:05Z">
          <params>
            <param index="0">
              <value>
                <![CDATA[RegistrationData(UserName=emmaross, Address=14th Street, FirstName=Emma, State=Vermont, Phone=s56656565568, Zipcode=s98989, LastName=Ross, City=Newyork, SSN=d878795454, Password=Emma@123)]]>
              </value>
            </param>
          </params>
          <reporter-output>
          </reporter-output>
        </test-method> <!-- userRegistrationTest -->
        <test-method status="SKIP" signature="userRegistrationTest(com.basic.data.RegistrationData)[pri:0, instance:paraBankTest.RegistrationTest@6fe7aac8]" name="userRegistrationTest" duration-ms="0" started-at="2022-04-03T15:40:05Z" data-provider="getRegTestData" finished-at="2022-04-03T15:40:05Z">
          <params>
            <param index="0">
              <value>
                <![CDATA[RegistrationData(UserName=benjhon, Address=12th Street, FirstName=Ben, State=Berlin, Phone=s8787878784, Zipcode=s987889, LastName=Jhon, City=Berlin, SSN=s454546, Password=Ben$897)]]>
              </value>
            </param>
          </params>
          <reporter-output>
          </reporter-output>
        </test-method> <!-- userRegistrationTest -->
        <test-method status="PASS" signature="terminateDriver()[pri:0, instance:paraBankTest.RegistrationTest@6fe7aac8]" name="terminateDriver" is-config="true" duration-ms="0" started-at="2022-04-03T15:40:05Z" finished-at="2022-04-03T15:40:05Z">
          <reporter-output>
          </reporter-output>
        </test-method> <!-- terminateDriver -->
      </class> <!-- paraBankTest.RegistrationTest -->
    </test> <!-- registration page test -->
  </suite> <!-- Parabank Suite -->
</testng-results>
