<?xml version="1.0" encoding="UTF-8"?>
<!-- Generated by org.testng.reporters.JUnitXMLReporter -->
<testsuite hostname="LAPTOP-M7NDOE15" name="registration page test" tests="3" failures="0" timestamp="2 Apr 2022 15:47:04 GMT" time="7.353" errors="0">
  <testcase name="usreRegistrationTest" time="2.235" classname="paraBankTest.RegistrationTest"/>
  <testcase name="usreRegistrationTest" time="1.883" classname="paraBankTest.RegistrationTest"/>
  <testcase name="usreRegistrationTest" time="1.909" classname="paraBankTest.RegistrationTest"/>
</testsuite> <!-- registration page test -->
